<?xml version="1.0" encoding="UTF-8"?>
<testng-results ignored="0" total="3" passed="2" failed="1" skipped="0">
  <reporter-output>
  </reporter-output>
  <suite started-at="2024-02-21T22:23:48 EET" name="Auto" finished-at="2024-02-21T22:25:10 EET" duration-ms="82041">
    <groups>
    </groups>
    <test started-at="2024-02-21T22:23:48 EET" name="Package1" finished-at="2024-02-21T22:25:10 EET" duration-ms="82041">
      <class name="mobile.search.SwipeTest">
        <test-method is-config="true" signature="setUp()[pri:0, instance:mobile.search.SwipeTest@1280851e]" started-at="2024-02-21T22:24:40 EET" name="setUp" finished-at="2024-02-21T22:24:45 EET" duration-ms="5412" status="PASS">
          <reporter-output>
          </reporter-output>
        </test-method> <!-- setUp -->
        <test-method signature="shouldBeSwipeUp()[pri:0, instance:mobile.search.SwipeTest@1280851e]" started-at="2024-02-21T22:24:45 EET" name="shouldBeSwipeUp" finished-at="2024-02-21T22:25:00 EET" duration-ms="15159" status="PASS">
          <reporter-output>
          </reporter-output>
        </test-method> <!-- shouldBeSwipeUp -->
        <test-method is-config="true" signature="close()[pri:0, instance:mobile.search.SwipeTest@1280851e]" started-at="2024-02-21T22:25:00 EET" name="close" finished-at="2024-02-21T22:25:10 EET" duration-ms="10270" status="PASS">
          <reporter-output>
          </reporter-output>
        </test-method> <!-- close -->
      </class> <!-- mobile.search.SwipeTest -->
      <class name="mobile.search.DownLoadTest">
        <test-method is-config="true" signature="setUp()[pri:0, instance:mobile.search.DownLoadTest@a50ae65]" started-at="2024-02-21T22:24:13 EET" name="setUp" finished-at="2024-02-21T22:24:19 EET" duration-ms="5346" status="PASS">
          <reporter-output>
          </reporter-output>
        </test-method> <!-- setUp -->
        <test-method signature="downloadScreenshot()[pri:0, instance:mobile.search.DownLoadTest@a50ae65]" started-at="2024-02-21T22:24:19 EET" name="downloadScreenshot" finished-at="2024-02-21T22:24:29 EET" duration-ms="10721" status="FAIL">
          <exception class="java.lang.IllegalArgumentException">
            <message>
              <![CDATA[Illegal base64 character a]]>
            </message>
            <full-stacktrace>
              <![CDATA[java.lang.IllegalArgumentException: Illegal base64 character a
at java.base/java.util.Base64$Decoder.decode0(Base64.java:848)
at java.base/java.util.Base64$Decoder.decode(Base64.java:566)
at java.base/java.util.Base64$Decoder.decode(Base64.java:589)
at org.openqa.selenium.OutputType$2.convertFromBase64Png(OutputType.java:56)
at org.openqa.selenium.OutputType$2.convertFromBase64Png(OutputType.java:53)
at org.openqa.selenium.remote.RemoteWebElement.getScreenshotAs(RemoteWebElement.java:364)
at mobile.config.base.BaseMethods.getPhotoFromArticle(BaseMethods.java:162)
at mobile.po.ArticlePage.downloadPicture(ArticlePage.java:26)
at mobile.services.ArticleService.clickArticleAndSaveImage(ArticleService.java:19)
at mobile.search.DownLoadTest.downloadScreenshot(DownLoadTest.java:17)
at java.base/jdk.internal.reflect.NativeMethodAccessorImpl.invoke0(Native Method)
at java.base/jdk.internal.reflect.NativeMethodAccessorImpl.invoke(NativeMethodAccessorImpl.java:77)
at java.base/jdk.internal.reflect.DelegatingMethodAccessorImpl.invoke(DelegatingMethodAccessorImpl.java:43)
at java.base/java.lang.reflect.Method.invoke(Method.java:568)
at org.testng.internal.invokers.MethodInvocationHelper.invokeMethod(MethodInvocationHelper.java:139)
at org.testng.internal.invokers.TestInvoker.invokeMethod(TestInvoker.java:664)
at org.testng.internal.invokers.TestInvoker.invokeTestMethod(TestInvoker.java:227)
at org.testng.internal.invokers.MethodRunner.runInSequence(MethodRunner.java:50)
at org.testng.internal.invokers.TestInvoker$MethodInvocationAgent.invoke(TestInvoker.java:957)
at org.testng.internal.invokers.TestInvoker.invokeTestMethods(TestInvoker.java:200)
at org.testng.internal.invokers.TestMethodWorker.invokeTestMethods(TestMethodWorker.java:148)
at org.testng.internal.invokers.TestMethodWorker.run(TestMethodWorker.java:128)
at java.base/java.util.ArrayList.forEach(ArrayList.java:1511)
at org.testng.TestRunner.privateRun(TestRunner.java:848)
at org.testng.TestRunner.run(TestRunner.java:621)
at org.testng.SuiteRunner.runTest(SuiteRunner.java:443)
at org.testng.SuiteRunner.runSequentially(SuiteRunner.java:437)
at org.testng.SuiteRunner.privateRun(SuiteRunner.java:397)
at org.testng.SuiteRunner.run(SuiteRunner.java:336)
at org.testng.SuiteRunnerWorker.runSuite(SuiteRunnerWorker.java:52)
at org.testng.SuiteRunnerWorker.run(SuiteRunnerWorker.java:95)
at org.testng.TestNG.runSuitesSequentially(TestNG.java:1280)
at org.testng.TestNG.runSuitesLocally(TestNG.java:1200)
at org.testng.TestNG.runSuites(TestNG.java:1114)
at org.testng.TestNG.run(TestNG.java:1082)
at org.apache.maven.surefire.testng.TestNGExecutor.run(TestNGExecutor.java:284)
at org.apache.maven.surefire.testng.TestNGXmlTestSuite.execute(TestNGXmlTestSuite.java:75)
at org.apache.maven.surefire.testng.TestNGProvider.invoke(TestNGProvider.java:119)
at org.apache.maven.surefire.booter.ForkedBooter.runSuitesInProcess(ForkedBooter.java:428)
at org.apache.maven.surefire.booter.ForkedBooter.execute(ForkedBooter.java:162)
at org.apache.maven.surefire.booter.ForkedBooter.run(ForkedBooter.java:562)
at org.apache.maven.surefire.booter.ForkedBooter.main(ForkedBooter.java:548)
]]>
            </full-stacktrace>
          </exception> <!-- java.lang.IllegalArgumentException -->
          <reporter-output>
          </reporter-output>
        </test-method> <!-- downloadScreenshot -->
        <test-method is-config="true" signature="close()[pri:0, instance:mobile.search.DownLoadTest@a50ae65]" started-at="2024-02-21T22:24:29 EET" name="close" finished-at="2024-02-21T22:24:40 EET" duration-ms="10392" status="PASS">
          <reporter-output>
          </reporter-output>
        </test-method> <!-- close -->
      </class> <!-- mobile.search.DownLoadTest -->
      <class name="mobile.search.SearchTest">
        <test-method is-config="true" signature="setUp()[pri:0, instance:mobile.search.SearchTest@2d6aca33]" started-at="2024-02-21T22:23:48 EET" name="setUp" finished-at="2024-02-21T22:23:54 EET" duration-ms="5622" status="PASS">
          <reporter-output>
          </reporter-output>
        </test-method> <!-- setUp -->
        <test-method signature="shouldBeArticleNameVisible()[pri:0, instance:mobile.search.SearchTest@2d6aca33]" started-at="2024-02-21T22:23:54 EET" name="shouldBeArticleNameVisible" finished-at="2024-02-21T22:24:03 EET" duration-ms="8557" status="PASS">
          <reporter-output>
          </reporter-output>
        </test-method> <!-- shouldBeArticleNameVisible -->
        <test-method is-config="true" signature="close()[pri:0, instance:mobile.search.SearchTest@2d6aca33]" started-at="2024-02-21T22:24:03 EET" name="close" finished-at="2024-02-21T22:24:13 EET" duration-ms="10465" status="PASS">
          <reporter-output>
          </reporter-output>
        </test-method> <!-- close -->
      </class> <!-- mobile.search.SearchTest -->
    </test> <!-- Package1 -->
  </suite> <!-- Auto -->
</testng-results>
