-------------------------------------------------------------------------------
Test set: TestSuite
-------------------------------------------------------------------------------
Tests run: 3, Failures: 1, Errors: 0, Skipped: 0, Time elapsed: 82.797 s <<< FAILURE! - in TestSuite
mobile.search.DownLoadTest.downloadScreenshot  Time elapsed: 10.727 s  <<< FAILURE!
java.lang.IllegalArgumentException: Illegal base64 character a
	at mobile.search.DownLoadTest.downloadScreenshot(DownLoadTest.java:17)

