<?xml version="1.0" encoding="UTF-8"?>
<!-- Generated by org.testng.reporters.JUnitXMLReporter -->
<testsuite ignored="0" hostname="DESKTOP-FNHG4OR" failures="1" tests="3" name="Package1" time="82.041" errors="0" timestamp="2024-02-21T22:25:11 EET">
  <testcase classname="mobile.search.SearchTest" name="shouldBeArticleNameVisible" time="8.557"/>
  <testcase classname="mobile.search.DownLoadTest" name="downloadScreenshot" time="10.721">
    <failure type="java.lang.IllegalArgumentException" message="Illegal base64 character a">
      <![CDATA[java.lang.IllegalArgumentException: Illegal base64 character a
at java.base/java.util.Base64$Decoder.decode0(Base64.java:848)
at java.base/java.util.Base64$Decoder.decode(Base64.java:566)
at java.base/java.util.Base64$Decoder.decode(Base64.java:589)
at org.openqa.selenium.OutputType$2.convertFromBase64Png(OutputType.java:56)
at org.openqa.selenium.OutputType$2.convertFromBase64Png(OutputType.java:53)
at org.openqa.selenium.remote.RemoteWebElement.getScreenshotAs(RemoteWebElement.java:364)
at mobile.config.base.BaseMethods.getPhotoFromArticle(BaseMethods.java:162)
at mobile.po.ArticlePage.downloadPicture(ArticlePage.java:26)
at mobile.services.ArticleService.clickArticleAndSaveImage(ArticleService.java:19)
at mobile.search.DownLoadTest.downloadScreenshot(DownLoadTest.java:17)
at java.base/java.util.ArrayList.forEach(ArrayList.java:1511)
... Removed 31 stack frames]]>
    </failure>
  </testcase> <!-- downloadScreenshot -->
  <testcase classname="mobile.search.SwipeTest" name="shouldBeSwipeUp" time="15.159"/>
</testsuite> <!-- Package1 -->
